{
    "timestamp": "2025-05-15 09:49:08",
    "method": "GET",
    "uri": "\/luvia\/debug-post.php",
    "post_data": [],
    "server": {
        "HTTP_REFERER": "N\/A",
        "CONTENT_TYPE": "N\/A",
        "HTTP_USER_AGENT": "Mozilla\/5.0 (Windows NT 10.0; Win64; x64) AppleWebKit\/537.36 (KHTML, like Gecko) Chrome\/136.0.0.0 Safari\/537.36"
    }
}
---
{
    "timestamp": "2025-05-15 09:49:49",
    "method": "GET",
    "uri": "\/luvia\/debug-post.php",
    "post_data": [],
    "server": {
        "HTTP_REFERER": "N\/A",
        "CONTENT_TYPE": "N\/A",
        "HTTP_USER_AGENT": "Mozilla\/5.0 (Windows NT 10.0; Win64; x64) AppleWebKit\/537.36 (KHTML, like Gecko) Chrome\/136.0.0.0 Safari\/537.36"
    }
}
---
{
    "timestamp": "2025-05-15 02:52:22",
    "method": "GET",
    "uri": "\/luvia\/public\/admin\/usuarios",
    "post_data": [],
    "server": {
        "HTTP_REFERER": "http:\/\/localhost\/luvia\/public\/admin\/usuario\/5",
        "CONTENT_TYPE": "N\/A",
        "HTTP_USER_AGENT": "Mozilla\/5.0 (Windows NT 10.0; Win64; x64) AppleWebKit\/537.36 (KHTML, like Gecko) Chrome\/136.0.0.0 Safari\/537.36"
    }
}
---
{
    "timestamp": "2025-05-15 02:53:00",
    "method": "GET",
    "uri": "\/luvia\/public\/admin\/usuarios",
    "post_data": [],
    "server": {
        "HTTP_REFERER": "http:\/\/localhost\/luvia\/public\/admin\/usuario\/5",
        "CONTENT_TYPE": "N\/A",
        "HTTP_USER_AGENT": "Mozilla\/5.0 (Windows NT 10.0; Win64; x64) AppleWebKit\/537.36 (KHTML, like Gecko) Chrome\/136.0.0.0 Safari\/537.36"
    }
}
---
{
    "timestamp": "2025-05-15 02:55:44",
    "method": "GET",
    "uri": "\/luvia\/public\/admin\/usuarios",
    "post_data": [],
    "server": {
        "HTTP_REFERER": "http:\/\/localhost\/luvia\/public\/admin\/usuario\/5",
        "CONTENT_TYPE": "N\/A",
        "HTTP_USER_AGENT": "Mozilla\/5.0 (Windows NT 10.0; Win64; x64) AppleWebKit\/537.36 (KHTML, like Gecko) Chrome\/136.0.0.0 Safari\/537.36"
    }
}
---
